Removed Pin From Net: NetName=GND Pin=J1-5
Removed Pin From Net: NetName=Part2_LED_V Pin=U2-7
Removed Pin From Net: NetName=Part2_LED_W Pin=U2-8
Removed Pin From Net: NetName=Part3_LED_U Pin=U2-9
Removed Pin From Net: NetName=Part3_LED_V Pin=U2-10
Removed Pin From Net: NetName=Part3_LED_W Pin=U2-11
Removed Pin From Net: NetName=Part4_LED_U Pin=U2-14
Removed Pin From Net: NetName=Part4_LED_V Pin=U2-15
Removed Pin From Net: NetName=Part4_LED_W Pin=U2-16
Removed Pin From Net: NetName=Part5_LED_U Pin=U2-17
Removed Pin From Net: NetName=Part5_LED_V Pin=U2-20
Removed Pin From Net: NetName=Part5_LED_W Pin=U2-21
Removed Pin From Net: NetName=Part6_LED_U Pin=U2-22
Removed Pin From Net: NetName=Part6_LED_V Pin=U2-23
Removed Pin From Net: NetName=Part6_LED_W Pin=U2-24
Removed Pin From Net: NetName=Part7_LED_U Pin=U2-25
Removed Pin From Net: NetName=Part7_LED_V Pin=U2-26
Removed Pin From Net: NetName=Part7_LED_W Pin=U2-27
Removed Pin From Net: NetName=Part8_LED_U Pin=U2-28
Removed Pin From Net: NetName=Part8_LED_V Pin=U2-29
Removed Pin From Net: NetName=Part8_LED_W Pin=U2-30
Removed Pin From Net: NetName=Part8_W Pin=U2-33
Removed Pin From Net: NetName=Part8_V Pin=U2-34
Removed Pin From Net: NetName=Part8_U Pin=U2-35
Removed Pin From Net: NetName=Part7_W Pin=U2-36
Removed Pin From Net: NetName=Part7_V Pin=U2-37
Removed Pin From Net: NetName=Part7_U Pin=U2-38
Removed Pin From Net: NetName=Part5_W Pin=U2-39
Removed Pin From Net: NetName=Part5_V Pin=U2-40
Removed Pin From Net: NetName=Part5_U Pin=U2-41
Removed Pin From Net: NetName=Part6_W Pin=U2-42
Removed Pin From Net: NetName=Part6_V Pin=U2-43
Removed Pin From Net: NetName=Part6_U Pin=U2-44
Removed Pin From Net: NetName=Part3_W Pin=U2-45
Removed Pin From Net: NetName=Part3_V Pin=U2-46
Removed Pin From Net: NetName=Part3_U Pin=U2-49
Removed Pin From Net: NetName=Part4_W Pin=U2-50
Removed Pin From Net: NetName=Part4_V Pin=U2-51
Removed Pin From Net: NetName=Part4_U Pin=U2-52
Removed Pin From Net: NetName=Part1_W Pin=U2-53
Removed Pin From Net: NetName=Part1_V Pin=U2-54
Removed Pin From Net: NetName=Part1_U Pin=U2-55
Removed Pin From Net: NetName=Part2_W Pin=U2-56
Removed Pin From Net: NetName=Part2_V Pin=U2-57
Removed Pin From Net: NetName=Part2_U Pin=U2-58
Added Pin To Net: NetName=GND Pin=J1-3
Added Pin To Net: NetName=Part2_LED_V Pin=U2-8
Added Pin To Net: NetName=Part2_LED_W Pin=U2-9
Added Pin To Net: NetName=Part3_LED_U Pin=U2-10
Added Pin To Net: NetName=Part3_LED_V Pin=U2-11
Added Pin To Net: NetName=Part3_LED_W Pin=U2-14
Added Pin To Net: NetName=Part4_LED_U Pin=U2-15
Added Pin To Net: NetName=Part4_LED_V Pin=U2-16
Added Pin To Net: NetName=Part4_LED_W Pin=U2-17
Added Pin To Net: NetName=Part5_LED_U Pin=U2-20
Added Pin To Net: NetName=Part5_LED_V Pin=U2-21
Added Pin To Net: NetName=Part5_LED_W Pin=U2-22
Added Pin To Net: NetName=Part6_LED_U Pin=U2-23
Added Pin To Net: NetName=Part6_LED_V Pin=U2-24
Added Pin To Net: NetName=Part6_LED_W Pin=U2-25
Added Pin To Net: NetName=Part7_LED_U Pin=U2-26
Added Pin To Net: NetName=Part7_LED_V Pin=U2-27
Added Pin To Net: NetName=Part7_LED_W Pin=U2-28
Added Pin To Net: NetName=Part8_LED_U Pin=U2-29
Added Pin To Net: NetName=Part8_LED_V Pin=U2-30
Added Pin To Net: NetName=Part8_LED_W Pin=U2-33
Added Pin To Net: NetName=Part8_W Pin=U2-34
Added Pin To Net: NetName=Part8_V Pin=U2-35
Added Pin To Net: NetName=Part8_U Pin=U2-36
Added Pin To Net: NetName=Part7_W Pin=U2-37
Added Pin To Net: NetName=Part7_V Pin=U2-38
Added Pin To Net: NetName=Part7_U Pin=U2-39
Added Pin To Net: NetName=Part5_W Pin=U2-40
Added Pin To Net: NetName=Part5_V Pin=U2-41
Added Pin To Net: NetName=Part5_U Pin=U2-42
Added Pin To Net: NetName=Part6_W Pin=U2-43
Added Pin To Net: NetName=Part6_V Pin=U2-44
Added Pin To Net: NetName=Part6_U Pin=U2-45
Added Pin To Net: NetName=Part3_W Pin=U2-46
Added Pin To Net: NetName=Part3_V Pin=U2-49
Added Pin To Net: NetName=Part3_U Pin=U2-50
Added Pin To Net: NetName=Part4_W Pin=U2-51
Added Pin To Net: NetName=Part4_V Pin=U2-52
Added Pin To Net: NetName=Part4_U Pin=U2-53
Added Pin To Net: NetName=Part1_W Pin=U2-54
Added Pin To Net: NetName=Part1_V Pin=U2-55
Added Pin To Net: NetName=Part1_U Pin=U2-56
Added Pin To Net: NetName=Part2_W Pin=U2-57
Added Pin To Net: NetName=Part2_V Pin=U2-58
Added Pin To Net: NetName=Part2_U Pin=U2-59
Added Pin To Net: NetName=BEEP Pin=U2-61
Added Net: Name=BEEP
Added Pin To Net: NetName=BOOT Pin=U2-60
Added Net: Name=BOOT
Added Pin To Net: NetName=NRST Pin=U2-7
Added Net: Name=NRST
Added Pin To Net: NetName=Status Pin=J1-5
Added Pin To Net: NetName=Status Pin=U2-62
Added Net: Name=Status
