Added Component: Designator=Q1(SOT23-3L)
Add component (AddParameter): Name = "BOM名称"; Value = "场效应管"; VariantName = "[No Variations]"
Add component (AddParameter): Name = "学习资源"; Value = "www.ooocke.com"; VariantName = "[No Variations]"
Add component (AddParameter): Name = "描述"; Value = "P沟道 30V/4.2A"; VariantName = "[No Variations]"
Add component (AddParameter): Name = "版权归属"; Value = "源创客"; VariantName = "[No Variations]"
Added Component: Designator=R10(R0603_L)
Add component (AddParameter): Name = "BOM名称"; Value = "贴片电阻"; VariantName = "[No Variations]"
Add component (AddParameter): Name = "学习资源"; Value = "www.ooocke.com"; VariantName = "[No Variations]"
Add component (AddParameter): Name = "版权归属"; Value = "源创客"; VariantName = "[No Variations]"
Added Component: Designator=U3(BEEP 5x9x5.5)
Added Pin To Net: NetName=BEEP Pin=Q1-1
Added Pin To Net: NetName=VCC3V3 Pin=Q1-2
Added Pin To Net: NetName=BEEP Pin=R10-1
Added Pin To Net: NetName=VCC3V3 Pin=R10-2
Add Pin To Net: Unknown Pin: Pin U3-N
Added Pin To Net: NetName=NetQ1_3 Pin=Q1-3
Added Net: Name=NetQ1_3
Added Member To Class: ClassName=mcu Member=Component Q1 AO3401
Added Member To Class: ClassName=mcu Member=Component R10 10K 1%
Added Member To Class: ClassName=mcu Member=Component U3 Buzzer-A
