Added Pin To Net: NetName=VCC12V Pin=TP1-1
Added Pin To Net: NetName=GND Pin=TP2-1
Added Pin To Net: NetName=LIN Pin=TP3-1
Added Pin To Net: NetName=PART1_ID1 Pin=TP4-1
Added Pin To Net: NetName=PART1_ID2 Pin=TP5-1
Added Pin To Net: NetName=PART1_ID3 Pin=TP6-1
Added Pin To Net: NetName=PART1_CMP Pin=TP7-1
Added Pin To Net: NetName=PART1_U Pin=TP8-1
Added Pin To Net: NetName=PART1_V Pin=TP9-1
Added Pin To Net: NetName=PART1_W Pin=TP10-1
Added Pin To Net: NetName=VCC12V Pin=TP11-1
Added Pin To Net: NetName=GND Pin=TP12-1
Added Pin To Net: NetName=LIN Pin=TP13-1
Added Pin To Net: NetName=PART2_ID1 Pin=TP14-1
Added Pin To Net: NetName=PART2_ID2 Pin=TP15-1
Added Pin To Net: NetName=PART1_ID3 Pin=TP16-1
Added Pin To Net: NetName=PART2_CMP Pin=TP17-1
Added Pin To Net: NetName=PART1_U Pin=TP18-1
Added Pin To Net: NetName=PART2_V Pin=TP19-1
Added Pin To Net: NetName=PART2_W Pin=TP20-1
Added Pin To Net: NetName=VCC12V Pin=TP21-1
Added Pin To Net: NetName=GND Pin=TP22-1
Added Pin To Net: NetName=LIN Pin=TP23-1
Added Pin To Net: NetName=PART3_ID1 Pin=TP24-1
Added Pin To Net: NetName=PART3_ID2 Pin=TP25-1
Added Pin To Net: NetName=PART3_ID3 Pin=TP26-1
Added Pin To Net: NetName=PART1_CMP Pin=TP27-1
Added Pin To Net: NetName=PART3_U Pin=TP28-1
Added Pin To Net: NetName=PART3_V Pin=TP29-1
Added Pin To Net: NetName=PART1_W Pin=TP30-1
Added Pin To Net: NetName=VCC12V Pin=TP31-1
Added Pin To Net: NetName=GND Pin=TP32-1
Added Pin To Net: NetName=LIN Pin=TP33-1
Added Pin To Net: NetName=PART4_ID1 Pin=TP34-1
Added Pin To Net: NetName=PART4_ID2 Pin=TP35-1
Added Pin To Net: NetName=PART4_ID3 Pin=TP36-1
Added Pin To Net: NetName=PART4_CMP Pin=TP37-1
Added Pin To Net: NetName=PART4_U Pin=TP38-1
Added Pin To Net: NetName=PART4_V Pin=TP39-1
Added Pin To Net: NetName=PART4_W Pin=TP40-1
Added Pin To Net: NetName=VCC12V Pin=TP41-1
Added Pin To Net: NetName=GND Pin=TP42-1
Added Pin To Net: NetName=LIN Pin=TP43-1
Added Pin To Net: NetName=PART5_ID1 Pin=TP44-1
Added Pin To Net: NetName=PART5_ID2 Pin=TP45-1
Added Pin To Net: NetName=PART5_ID3 Pin=TP46-1
Added Pin To Net: NetName=PART5_CMP Pin=TP47-1
Added Pin To Net: NetName=PART5_U Pin=TP48-1
Added Pin To Net: NetName=PART5_V Pin=TP49-1
Added Pin To Net: NetName=PART5_W Pin=TP50-1
Added Pin To Net: NetName=VCC12V Pin=TP51-1
Added Pin To Net: NetName=GND Pin=TP52-1
Added Pin To Net: NetName=LIN Pin=TP53-1
Added Pin To Net: NetName=PART1_ID1 Pin=TP54-1
Added Pin To Net: NetName=PART6_ID2 Pin=TP55-1
Added Pin To Net: NetName=PART6_ID3 Pin=TP56-1
Added Pin To Net: NetName=PART6_CMP Pin=TP57-1
Added Pin To Net: NetName=PART6_U Pin=TP58-1
Added Pin To Net: NetName=PART6_V Pin=TP59-1
Added Pin To Net: NetName=PART6_W Pin=TP60-1
Added Pin To Net: NetName=VCC12V Pin=TP61-1
Added Pin To Net: NetName=GND Pin=TP62-1
Added Pin To Net: NetName=LIN Pin=TP63-1
Added Pin To Net: NetName=PART7_ID1 Pin=TP64-1
Added Pin To Net: NetName=PART1_ID2 Pin=TP65-1
Added Pin To Net: NetName=PART7_ID3 Pin=TP66-1
Added Pin To Net: NetName=PART7_CMP Pin=TP67-1
Added Pin To Net: NetName=PART7_U Pin=TP68-1
Added Pin To Net: NetName=PART7_V Pin=TP69-1
Added Pin To Net: NetName=PART7_W Pin=TP70-1
Added Pin To Net: NetName=VCC12V Pin=TP71-1
Added Pin To Net: NetName=GND Pin=TP72-1
Added Pin To Net: NetName=LIN Pin=TP73-1
Added Pin To Net: NetName=PART8_ID1 Pin=TP74-1
Added Pin To Net: NetName=PART8_ID2 Pin=TP75-1
Added Pin To Net: NetName=PART8_ID3 Pin=TP76-1
Added Pin To Net: NetName=PART8_CMP Pin=TP77-1
Added Pin To Net: NetName=PART8_U Pin=TP78-1
Added Pin To Net: NetName=PART8_V Pin=TP79-1
Added Pin To Net: NetName=PART8_W Pin=TP80-1
