Added Net: Name=GND
Added Net: Name=LIN
Added Net: Name=PART1_CMP
Added Net: Name=PART1_ID1
Added Net: Name=PART1_ID2
Added Net: Name=PART1_ID3
Added Net: Name=PART1_U
Added Net: Name=PART1_V
Added Net: Name=PART1_W
Added Net: Name=PART2_CMP
Added Net: Name=PART2_ID1
Added Net: Name=PART2_ID2
Added Net: Name=PART2_V
Added Net: Name=PART2_W
Added Net: Name=PART3_ID1
Added Net: Name=PART3_ID2
Added Net: Name=PART3_ID3
Added Net: Name=PART3_U
Added Net: Name=PART3_V
Added Net: Name=PART4_CMP
Added Net: Name=PART4_ID1
Added Net: Name=PART4_ID2
Added Net: Name=PART4_ID3
Added Net: Name=PART4_U
Added Net: Name=PART4_V
Added Net: Name=PART4_W
Added Net: Name=PART5_CMP
Added Net: Name=PART5_ID1
Added Net: Name=PART5_ID2
Added Net: Name=PART5_ID3
Added Net: Name=PART5_U
Added Net: Name=PART5_V
Added Net: Name=PART5_W
Added Net: Name=PART6_CMP
Added Net: Name=PART6_ID2
Added Net: Name=PART6_ID3
Added Net: Name=PART6_U
Added Net: Name=PART6_V
Added Net: Name=PART6_W
Added Net: Name=PART7_CMP
Added Net: Name=PART7_ID1
Added Net: Name=PART7_ID3
Added Net: Name=PART7_U
Added Net: Name=PART7_V
Added Net: Name=PART7_W
Added Net: Name=PART8_CMP
Added Net: Name=PART8_ID1
Added Net: Name=PART8_ID2
Added Net: Name=PART8_ID3
Added Net: Name=PART8_U
Added Net: Name=PART8_V
Added Net: Name=PART8_W
Added Net: Name=VCC12V
