Removed Pin From Net: NetName=PART1_CMP Pin=JP1-1
Removed Pin From Net: NetName=PART1_W Pin=JP1-2
Removed Pin From Net: NetName=PART1_V Pin=JP1-3
Removed Pin From Net: NetName=PART1_U Pin=JP1-4
Removed Pin From Net: NetName=PART2_CMP Pin=JP2-1
Removed Pin From Net: NetName=PART2_W Pin=JP2-2
Removed Pin From Net: NetName=PART2_V Pin=JP2-3
Removed Pin From Net: NetName=PART2_U Pin=JP2-4
Removed Pin From Net: NetName=PART3_CMP Pin=JP3-1
Removed Pin From Net: NetName=PART3_W Pin=JP3-2
Removed Pin From Net: NetName=PART3_V Pin=JP3-3
Removed Pin From Net: NetName=PART3_U Pin=JP3-4
Removed Pin From Net: NetName=PART4_CMP Pin=JP4-1
Removed Pin From Net: NetName=PART4_W Pin=JP4-2
Removed Pin From Net: NetName=PART4_V Pin=JP4-3
Removed Pin From Net: NetName=PART4_U Pin=JP4-4
Removed Pin From Net: NetName=PART5_CMP Pin=JP5-1
Removed Pin From Net: NetName=PART5_W Pin=JP5-2
Removed Pin From Net: NetName=PART5_V Pin=JP5-3
Removed Pin From Net: NetName=PART5_U Pin=JP5-4
Removed Pin From Net: NetName=PART6_CMP Pin=JP6-1
Removed Pin From Net: NetName=PART6_W Pin=JP6-2
Removed Pin From Net: NetName=PART6_V Pin=JP6-3
Removed Pin From Net: NetName=PART6_U Pin=JP6-4
Added Pin To Net: NetName=PART1_U Pin=JP1-1
Added Pin To Net: NetName=PART1_V Pin=JP1-2
Added Pin To Net: NetName=PART1_CMP Pin=JP1-3
Added Pin To Net: NetName=PART1_W Pin=JP1-4
Added Pin To Net: NetName=PART2_U Pin=JP2-1
Added Pin To Net: NetName=PART2_V Pin=JP2-2
Added Pin To Net: NetName=PART2_CMP Pin=JP2-3
Added Pin To Net: NetName=PART2_W Pin=JP2-4
Added Pin To Net: NetName=PART3_U Pin=JP3-1
Added Pin To Net: NetName=PART3_V Pin=JP3-2
Added Pin To Net: NetName=PART3_CMP Pin=JP3-3
Added Pin To Net: NetName=PART3_W Pin=JP3-4
Added Pin To Net: NetName=PART4_U Pin=JP4-1
Added Pin To Net: NetName=PART4_V Pin=JP4-2
Added Pin To Net: NetName=PART4_CMP Pin=JP4-3
Added Pin To Net: NetName=PART4_W Pin=JP4-4
Added Pin To Net: NetName=PART5_U Pin=JP5-1
Added Pin To Net: NetName=PART5_V Pin=JP5-2
Added Pin To Net: NetName=PART5_CMP Pin=JP5-3
Added Pin To Net: NetName=PART5_W Pin=JP5-4
Added Pin To Net: NetName=PART6_U Pin=JP6-1
Added Pin To Net: NetName=PART6_V Pin=JP6-2
Added Pin To Net: NetName=PART6_CMP Pin=JP6-3
Added Pin To Net: NetName=PART6_W Pin=JP6-4
